2022-03-31 11:18:59.143 +08:00 [SkyWalking_GateWay] [Information] SkyApm.InstrumentStartup : Initializing ...
2022-03-31 11:18:59.191 +08:00 [SkyWalking_GateWay] [Information] SkyApm.Service.RegisterService : Loaded instrument service [SkyApm.Service.RegisterService].
2022-03-31 11:18:59.191 +08:00 [SkyWalking_GateWay] [Information] SkyApm.Service.PingService : Loaded instrument service [SkyApm.Service.PingService].
2022-03-31 11:18:59.191 +08:00 [SkyWalking_GateWay] [Information] SkyApm.Service.SegmentReportService : Loaded instrument service [SkyApm.Service.SegmentReportService].
2022-03-31 11:18:59.192 +08:00 [SkyWalking_GateWay] [Information] SkyApm.Service.CLRStatsService : Loaded instrument service [SkyApm.Service.CLRStatsService].
2022-03-31 11:18:59.192 +08:00 [SkyWalking_GateWay] [Information] SkyApm.Sampling.SimpleCountSamplingInterceptor : Loaded instrument service [SkyApm.Sampling.SimpleCountSamplingInterceptor].
2022-03-31 11:18:59.192 +08:00 [SkyWalking_GateWay] [Information] SkyApm.Transport.Grpc.ConnectService : Loaded instrument service [SkyApm.Transport.Grpc.ConnectService].
2022-03-31 11:18:59.213 +08:00 [SkyWalking_GateWay] [Information] SkyApm.Diagnostics.TracingDiagnosticProcessorObserver : Loaded diagnostic listener [Microsoft.AspNetCore].
2022-03-31 11:18:59.213 +08:00 [SkyWalking_GateWay] [Information] SkyApm.InstrumentStartup : Started SkyAPM .NET Core Agent.
2022-03-31 11:19:09.255 +08:00 [SkyWalking_GateWay] [Error] SkyApm.Transport.Grpc.ConnectionManager : Connect server timeout.
System.Threading.Tasks.TaskCanceledException: Reached deadline.
   at Grpc.Core.Channel.WaitForStateChangedAsync(ChannelState lastObservedState, Nullable`1 deadline)
   at Grpc.Core.Channel.ConnectAsync(Nullable`1 deadline)
   at SkyApm.Transport.Grpc.ConnectionManager.ConnectAsync()
2022-03-31 11:19:14.209 +08:00 [SkyWalking_GateWay] [Information] SkyApm.Transport.Grpc.ConnectionManager : Shutdown connection[192.168.200.104:11800].
2022-03-31 11:19:24.222 +08:00 [SkyWalking_GateWay] [Error] SkyApm.Transport.Grpc.ConnectionManager : Connect server timeout.
System.Threading.Tasks.TaskCanceledException: Reached deadline.
   at Grpc.Core.Channel.WaitForStateChangedAsync(ChannelState lastObservedState, Nullable`1 deadline)
   at Grpc.Core.Channel.ConnectAsync(Nullable`1 deadline)
   at SkyApm.Transport.Grpc.ConnectionManager.ConnectAsync()
2022-03-31 11:19:29.203 +08:00 [SkyWalking_GateWay] [Information] SkyApm.Transport.Grpc.ConnectionManager : Shutdown connection[192.168.200.104:11800].
2022-03-31 11:19:39.207 +08:00 [SkyWalking_GateWay] [Error] SkyApm.Transport.Grpc.ConnectionManager : Connect server timeout.
System.Threading.Tasks.TaskCanceledException: Reached deadline.
   at Grpc.Core.Channel.WaitForStateChangedAsync(ChannelState lastObservedState, Nullable`1 deadline)
   at Grpc.Core.Channel.ConnectAsync(Nullable`1 deadline)
   at SkyApm.Transport.Grpc.ConnectionManager.ConnectAsync()
2022-03-31 11:19:44.198 +08:00 [SkyWalking_GateWay] [Information] SkyApm.Transport.Grpc.ConnectionManager : Shutdown connection[192.168.200.104:11800].
2022-03-31 11:19:54.215 +08:00 [SkyWalking_GateWay] [Error] SkyApm.Transport.Grpc.ConnectionManager : Connect server timeout.
System.Threading.Tasks.TaskCanceledException: Reached deadline.
   at Grpc.Core.Channel.WaitForStateChangedAsync(ChannelState lastObservedState, Nullable`1 deadline)
   at Grpc.Core.Channel.ConnectAsync(Nullable`1 deadline)
   at SkyApm.Transport.Grpc.ConnectionManager.ConnectAsync()
2022-03-31 11:19:59.203 +08:00 [SkyWalking_GateWay] [Information] SkyApm.Transport.Grpc.ConnectionManager : Shutdown connection[192.168.200.104:11800].
2022-03-31 11:20:09.208 +08:00 [SkyWalking_GateWay] [Error] SkyApm.Transport.Grpc.ConnectionManager : Connect server timeout.
System.Threading.Tasks.TaskCanceledException: Reached deadline.
   at Grpc.Core.Channel.WaitForStateChangedAsync(ChannelState lastObservedState, Nullable`1 deadline)
   at Grpc.Core.Channel.ConnectAsync(Nullable`1 deadline)
   at SkyApm.Transport.Grpc.ConnectionManager.ConnectAsync()
2022-03-31 11:20:14.197 +08:00 [SkyWalking_GateWay] [Information] SkyApm.Transport.Grpc.ConnectionManager : Shutdown connection[192.168.200.104:11800].
2022-03-31 11:20:24.216 +08:00 [SkyWalking_GateWay] [Error] SkyApm.Transport.Grpc.ConnectionManager : Connect server timeout.
System.Threading.Tasks.TaskCanceledException: Reached deadline.
   at Grpc.Core.Channel.WaitForStateChangedAsync(ChannelState lastObservedState, Nullable`1 deadline)
   at Grpc.Core.Channel.ConnectAsync(Nullable`1 deadline)
   at SkyApm.Transport.Grpc.ConnectionManager.ConnectAsync()
2022-03-31 11:20:29.200 +08:00 [SkyWalking_GateWay] [Information] SkyApm.Transport.Grpc.ConnectionManager : Shutdown connection[192.168.200.104:11800].
2022-03-31 11:20:39.215 +08:00 [SkyWalking_GateWay] [Error] SkyApm.Transport.Grpc.ConnectionManager : Connect server timeout.
System.Threading.Tasks.TaskCanceledException: Reached deadline.
   at Grpc.Core.Channel.WaitForStateChangedAsync(ChannelState lastObservedState, Nullable`1 deadline)
   at Grpc.Core.Channel.ConnectAsync(Nullable`1 deadline)
   at SkyApm.Transport.Grpc.ConnectionManager.ConnectAsync()
2022-03-31 11:20:44.206 +08:00 [SkyWalking_GateWay] [Information] SkyApm.Transport.Grpc.ConnectionManager : Shutdown connection[192.168.200.104:11800].
2022-03-31 11:20:54.223 +08:00 [SkyWalking_GateWay] [Error] SkyApm.Transport.Grpc.ConnectionManager : Connect server timeout.
System.Threading.Tasks.TaskCanceledException: Reached deadline.
   at Grpc.Core.Channel.WaitForStateChangedAsync(ChannelState lastObservedState, Nullable`1 deadline)
   at Grpc.Core.Channel.ConnectAsync(Nullable`1 deadline)
   at SkyApm.Transport.Grpc.ConnectionManager.ConnectAsync()
2022-03-31 11:20:54.615 +08:00 [SkyWalking_GateWay] [Information] SkyApm.Service.RegisterService : Stopped instrument service RegisterService.
2022-03-31 11:20:54.615 +08:00 [SkyWalking_GateWay] [Information] SkyApm.Service.PingService : Stopped instrument service PingService.
2022-03-31 11:20:54.616 +08:00 [SkyWalking_GateWay] [Information] SkyApm.Service.SegmentReportService : Stopped instrument service SegmentReportService.
2022-03-31 11:20:54.616 +08:00 [SkyWalking_GateWay] [Information] SkyApm.Service.CLRStatsService : Stopped instrument service CLRStatsService.
2022-03-31 11:20:54.616 +08:00 [SkyWalking_GateWay] [Information] SkyApm.Sampling.SimpleCountSamplingInterceptor : Stopped instrument service SimpleCountSamplingInterceptor.
2022-03-31 11:20:54.616 +08:00 [SkyWalking_GateWay] [Information] SkyApm.Transport.Grpc.ConnectService : Stopped instrument service ConnectService.
2022-03-31 11:20:54.616 +08:00 [SkyWalking_GateWay] [Information] SkyApm.InstrumentStartup : Stopped SkyAPM .NET Core Agent.
2022-03-31 11:24:18.682 +08:00 [SkyWalking_GateWay] [Information] SkyApm.InstrumentStartup : Initializing ...
2022-03-31 11:24:18.704 +08:00 [SkyWalking_GateWay] [Information] SkyApm.Service.RegisterService : Loaded instrument service [SkyApm.Service.RegisterService].
2022-03-31 11:24:18.704 +08:00 [SkyWalking_GateWay] [Information] SkyApm.Service.PingService : Loaded instrument service [SkyApm.Service.PingService].
2022-03-31 11:24:18.704 +08:00 [SkyWalking_GateWay] [Information] SkyApm.Service.SegmentReportService : Loaded instrument service [SkyApm.Service.SegmentReportService].
2022-03-31 11:24:18.704 +08:00 [SkyWalking_GateWay] [Information] SkyApm.Service.CLRStatsService : Loaded instrument service [SkyApm.Service.CLRStatsService].
2022-03-31 11:24:18.704 +08:00 [SkyWalking_GateWay] [Information] SkyApm.Sampling.SimpleCountSamplingInterceptor : Loaded instrument service [SkyApm.Sampling.SimpleCountSamplingInterceptor].
2022-03-31 11:24:18.704 +08:00 [SkyWalking_GateWay] [Information] SkyApm.Transport.Grpc.ConnectService : Loaded instrument service [SkyApm.Transport.Grpc.ConnectService].
2022-03-31 11:24:18.725 +08:00 [SkyWalking_GateWay] [Information] SkyApm.Diagnostics.TracingDiagnosticProcessorObserver : Loaded diagnostic listener [Microsoft.AspNetCore].
2022-03-31 11:24:18.725 +08:00 [SkyWalking_GateWay] [Information] SkyApm.InstrumentStartup : Started SkyAPM .NET Core Agent.
2022-03-31 11:24:28.757 +08:00 [SkyWalking_GateWay] [Error] SkyApm.Transport.Grpc.ConnectionManager : Connect server timeout.
System.Threading.Tasks.TaskCanceledException: Reached deadline.
   at Grpc.Core.Channel.WaitForStateChangedAsync(ChannelState lastObservedState, Nullable`1 deadline)
   at Grpc.Core.Channel.ConnectAsync(Nullable`1 deadline)
   at SkyApm.Transport.Grpc.ConnectionManager.ConnectAsync()
2022-03-31 11:24:33.720 +08:00 [SkyWalking_GateWay] [Information] SkyApm.Transport.Grpc.ConnectionManager : Shutdown connection[192.168.200.104:11800].
2022-03-31 11:24:43.723 +08:00 [SkyWalking_GateWay] [Error] SkyApm.Transport.Grpc.ConnectionManager : Connect server timeout.
System.Threading.Tasks.TaskCanceledException: Reached deadline.
   at Grpc.Core.Channel.WaitForStateChangedAsync(ChannelState lastObservedState, Nullable`1 deadline)
   at Grpc.Core.Channel.ConnectAsync(Nullable`1 deadline)
   at SkyApm.Transport.Grpc.ConnectionManager.ConnectAsync()
2022-03-31 11:24:48.715 +08:00 [SkyWalking_GateWay] [Information] SkyApm.Transport.Grpc.ConnectionManager : Shutdown connection[192.168.200.104:11800].
2022-03-31 11:24:58.718 +08:00 [SkyWalking_GateWay] [Error] SkyApm.Transport.Grpc.ConnectionManager : Connect server timeout.
System.Threading.Tasks.TaskCanceledException: Reached deadline.
   at Grpc.Core.Channel.WaitForStateChangedAsync(ChannelState lastObservedState, Nullable`1 deadline)
   at Grpc.Core.Channel.ConnectAsync(Nullable`1 deadline)
   at SkyApm.Transport.Grpc.ConnectionManager.ConnectAsync()
2022-03-31 11:25:03.713 +08:00 [SkyWalking_GateWay] [Information] SkyApm.Transport.Grpc.ConnectionManager : Shutdown connection[192.168.200.104:11800].
2022-03-31 11:25:13.718 +08:00 [SkyWalking_GateWay] [Error] SkyApm.Transport.Grpc.ConnectionManager : Connect server timeout.
System.Threading.Tasks.TaskCanceledException: Reached deadline.
   at Grpc.Core.Channel.WaitForStateChangedAsync(ChannelState lastObservedState, Nullable`1 deadline)
   at Grpc.Core.Channel.ConnectAsync(Nullable`1 deadline)
   at SkyApm.Transport.Grpc.ConnectionManager.ConnectAsync()
2022-03-31 11:25:18.715 +08:00 [SkyWalking_GateWay] [Information] SkyApm.Transport.Grpc.ConnectionManager : Shutdown connection[192.168.200.104:11800].
2022-03-31 11:25:28.731 +08:00 [SkyWalking_GateWay] [Error] SkyApm.Transport.Grpc.ConnectionManager : Connect server timeout.
System.Threading.Tasks.TaskCanceledException: Reached deadline.
   at Grpc.Core.Channel.WaitForStateChangedAsync(ChannelState lastObservedState, Nullable`1 deadline)
   at Grpc.Core.Channel.ConnectAsync(Nullable`1 deadline)
   at SkyApm.Transport.Grpc.ConnectionManager.ConnectAsync()
2022-03-31 11:25:30.039 +08:00 [SkyWalking_GateWay] [Information] SkyApm.Diagnostics.TracingDiagnosticProcessorObserver : Loaded diagnostic listener [HttpHandlerDiagnosticListener].
2022-03-31 11:25:33.718 +08:00 [SkyWalking_GateWay] [Information] SkyApm.Transport.Grpc.ConnectionManager : Shutdown connection[192.168.200.104:11800].
2022-03-31 11:25:43.721 +08:00 [SkyWalking_GateWay] [Error] SkyApm.Transport.Grpc.ConnectionManager : Connect server timeout.
System.Threading.Tasks.TaskCanceledException: Reached deadline.
   at Grpc.Core.Channel.WaitForStateChangedAsync(ChannelState lastObservedState, Nullable`1 deadline)
   at Grpc.Core.Channel.ConnectAsync(Nullable`1 deadline)
   at SkyApm.Transport.Grpc.ConnectionManager.ConnectAsync()
2022-03-31 11:25:48.713 +08:00 [SkyWalking_GateWay] [Information] SkyApm.Transport.Grpc.ConnectionManager : Shutdown connection[192.168.200.104:11800].
2022-03-31 11:25:58.716 +08:00 [SkyWalking_GateWay] [Error] SkyApm.Transport.Grpc.ConnectionManager : Connect server timeout.
System.Threading.Tasks.TaskCanceledException: Reached deadline.
   at Grpc.Core.Channel.WaitForStateChangedAsync(ChannelState lastObservedState, Nullable`1 deadline)
   at Grpc.Core.Channel.ConnectAsync(Nullable`1 deadline)
   at SkyApm.Transport.Grpc.ConnectionManager.ConnectAsync()
2022-03-31 11:26:03.718 +08:00 [SkyWalking_GateWay] [Information] SkyApm.Transport.Grpc.ConnectionManager : Shutdown connection[192.168.200.104:11800].
2022-03-31 11:26:13.720 +08:00 [SkyWalking_GateWay] [Error] SkyApm.Transport.Grpc.ConnectionManager : Connect server timeout.
System.Threading.Tasks.TaskCanceledException: Reached deadline.
   at Grpc.Core.Channel.WaitForStateChangedAsync(ChannelState lastObservedState, Nullable`1 deadline)
   at Grpc.Core.Channel.ConnectAsync(Nullable`1 deadline)
   at SkyApm.Transport.Grpc.ConnectionManager.ConnectAsync()
2022-03-31 11:26:18.712 +08:00 [SkyWalking_GateWay] [Information] SkyApm.Transport.Grpc.ConnectionManager : Shutdown connection[192.168.200.104:11800].
2022-03-31 11:26:28.718 +08:00 [SkyWalking_GateWay] [Error] SkyApm.Transport.Grpc.ConnectionManager : Connect server timeout.
System.Threading.Tasks.TaskCanceledException: Reached deadline.
   at Grpc.Core.Channel.WaitForStateChangedAsync(ChannelState lastObservedState, Nullable`1 deadline)
   at Grpc.Core.Channel.ConnectAsync(Nullable`1 deadline)
   at SkyApm.Transport.Grpc.ConnectionManager.ConnectAsync()
2022-03-31 11:26:33.715 +08:00 [SkyWalking_GateWay] [Information] SkyApm.Transport.Grpc.ConnectionManager : Shutdown connection[192.168.200.104:11800].
2022-03-31 11:26:43.723 +08:00 [SkyWalking_GateWay] [Error] SkyApm.Transport.Grpc.ConnectionManager : Connect server timeout.
System.Threading.Tasks.TaskCanceledException: Reached deadline.
   at Grpc.Core.Channel.WaitForStateChangedAsync(ChannelState lastObservedState, Nullable`1 deadline)
   at Grpc.Core.Channel.ConnectAsync(Nullable`1 deadline)
   at SkyApm.Transport.Grpc.ConnectionManager.ConnectAsync()
2022-03-31 11:26:48.713 +08:00 [SkyWalking_GateWay] [Information] SkyApm.Transport.Grpc.ConnectionManager : Shutdown connection[192.168.200.104:11800].
2022-03-31 11:26:58.716 +08:00 [SkyWalking_GateWay] [Error] SkyApm.Transport.Grpc.ConnectionManager : Connect server timeout.
System.Threading.Tasks.TaskCanceledException: Reached deadline.
   at Grpc.Core.Channel.WaitForStateChangedAsync(ChannelState lastObservedState, Nullable`1 deadline)
   at Grpc.Core.Channel.ConnectAsync(Nullable`1 deadline)
   at SkyApm.Transport.Grpc.ConnectionManager.ConnectAsync()
2022-03-31 11:27:03.712 +08:00 [SkyWalking_GateWay] [Information] SkyApm.Transport.Grpc.ConnectionManager : Shutdown connection[192.168.200.104:11800].
2022-03-31 11:27:13.715 +08:00 [SkyWalking_GateWay] [Error] SkyApm.Transport.Grpc.ConnectionManager : Connect server timeout.
System.Threading.Tasks.TaskCanceledException: Reached deadline.
   at Grpc.Core.Channel.WaitForStateChangedAsync(ChannelState lastObservedState, Nullable`1 deadline)
   at Grpc.Core.Channel.ConnectAsync(Nullable`1 deadline)
   at SkyApm.Transport.Grpc.ConnectionManager.ConnectAsync()
2022-03-31 11:27:18.713 +08:00 [SkyWalking_GateWay] [Information] SkyApm.Transport.Grpc.ConnectionManager : Shutdown connection[192.168.200.104:11800].
2022-03-31 11:27:28.718 +08:00 [SkyWalking_GateWay] [Error] SkyApm.Transport.Grpc.ConnectionManager : Connect server timeout.
System.Threading.Tasks.TaskCanceledException: Reached deadline.
   at Grpc.Core.Channel.WaitForStateChangedAsync(ChannelState lastObservedState, Nullable`1 deadline)
   at Grpc.Core.Channel.ConnectAsync(Nullable`1 deadline)
   at SkyApm.Transport.Grpc.ConnectionManager.ConnectAsync()
2022-03-31 11:27:33.713 +08:00 [SkyWalking_GateWay] [Information] SkyApm.Transport.Grpc.ConnectionManager : Shutdown connection[192.168.200.104:11800].
2022-03-31 11:27:43.717 +08:00 [SkyWalking_GateWay] [Error] SkyApm.Transport.Grpc.ConnectionManager : Connect server timeout.
System.Threading.Tasks.TaskCanceledException: Reached deadline.
   at Grpc.Core.Channel.WaitForStateChangedAsync(ChannelState lastObservedState, Nullable`1 deadline)
   at Grpc.Core.Channel.ConnectAsync(Nullable`1 deadline)
   at SkyApm.Transport.Grpc.ConnectionManager.ConnectAsync()
2022-03-31 11:27:48.714 +08:00 [SkyWalking_GateWay] [Information] SkyApm.Transport.Grpc.ConnectionManager : Shutdown connection[192.168.200.104:11800].
2022-03-31 11:27:58.717 +08:00 [SkyWalking_GateWay] [Error] SkyApm.Transport.Grpc.ConnectionManager : Connect server timeout.
System.Threading.Tasks.TaskCanceledException: Reached deadline.
   at Grpc.Core.Channel.WaitForStateChangedAsync(ChannelState lastObservedState, Nullable`1 deadline)
   at Grpc.Core.Channel.ConnectAsync(Nullable`1 deadline)
   at SkyApm.Transport.Grpc.ConnectionManager.ConnectAsync()
2022-03-31 11:28:03.714 +08:00 [SkyWalking_GateWay] [Information] SkyApm.Transport.Grpc.ConnectionManager : Shutdown connection[192.168.200.104:11800].
2022-03-31 11:28:13.719 +08:00 [SkyWalking_GateWay] [Error] SkyApm.Transport.Grpc.ConnectionManager : Connect server timeout.
System.Threading.Tasks.TaskCanceledException: Reached deadline.
   at Grpc.Core.Channel.WaitForStateChangedAsync(ChannelState lastObservedState, Nullable`1 deadline)
   at Grpc.Core.Channel.ConnectAsync(Nullable`1 deadline)
   at SkyApm.Transport.Grpc.ConnectionManager.ConnectAsync()
2022-03-31 11:28:18.712 +08:00 [SkyWalking_GateWay] [Information] SkyApm.Transport.Grpc.ConnectionManager : Shutdown connection[192.168.200.104:11800].
2022-03-31 11:28:28.715 +08:00 [SkyWalking_GateWay] [Error] SkyApm.Transport.Grpc.ConnectionManager : Connect server timeout.
System.Threading.Tasks.TaskCanceledException: Reached deadline.
   at Grpc.Core.Channel.WaitForStateChangedAsync(ChannelState lastObservedState, Nullable`1 deadline)
   at Grpc.Core.Channel.ConnectAsync(Nullable`1 deadline)
   at SkyApm.Transport.Grpc.ConnectionManager.ConnectAsync()
2022-03-31 11:28:33.718 +08:00 [SkyWalking_GateWay] [Information] SkyApm.Transport.Grpc.ConnectionManager : Shutdown connection[192.168.200.104:11800].
2022-03-31 11:28:43.723 +08:00 [SkyWalking_GateWay] [Error] SkyApm.Transport.Grpc.ConnectionManager : Connect server timeout.
System.Threading.Tasks.TaskCanceledException: Reached deadline.
   at Grpc.Core.Channel.WaitForStateChangedAsync(ChannelState lastObservedState, Nullable`1 deadline)
   at Grpc.Core.Channel.ConnectAsync(Nullable`1 deadline)
   at SkyApm.Transport.Grpc.ConnectionManager.ConnectAsync()
2022-03-31 11:28:48.713 +08:00 [SkyWalking_GateWay] [Information] SkyApm.Transport.Grpc.ConnectionManager : Shutdown connection[192.168.200.104:11800].
2022-03-31 11:28:58.716 +08:00 [SkyWalking_GateWay] [Error] SkyApm.Transport.Grpc.ConnectionManager : Connect server timeout.
System.Threading.Tasks.TaskCanceledException: Reached deadline.
   at Grpc.Core.Channel.WaitForStateChangedAsync(ChannelState lastObservedState, Nullable`1 deadline)
   at Grpc.Core.Channel.ConnectAsync(Nullable`1 deadline)
   at SkyApm.Transport.Grpc.ConnectionManager.ConnectAsync()
2022-03-31 11:29:03.712 +08:00 [SkyWalking_GateWay] [Information] SkyApm.Transport.Grpc.ConnectionManager : Shutdown connection[192.168.200.104:11800].
2022-03-31 11:29:13.718 +08:00 [SkyWalking_GateWay] [Error] SkyApm.Transport.Grpc.ConnectionManager : Connect server timeout.
System.Threading.Tasks.TaskCanceledException: Reached deadline.
   at Grpc.Core.Channel.WaitForStateChangedAsync(ChannelState lastObservedState, Nullable`1 deadline)
   at Grpc.Core.Channel.ConnectAsync(Nullable`1 deadline)
   at SkyApm.Transport.Grpc.ConnectionManager.ConnectAsync()
2022-03-31 11:29:18.714 +08:00 [SkyWalking_GateWay] [Information] SkyApm.Transport.Grpc.ConnectionManager : Shutdown connection[192.168.200.104:11800].
2022-03-31 11:29:28.718 +08:00 [SkyWalking_GateWay] [Error] SkyApm.Transport.Grpc.ConnectionManager : Connect server timeout.
System.Threading.Tasks.TaskCanceledException: Reached deadline.
   at Grpc.Core.Channel.WaitForStateChangedAsync(ChannelState lastObservedState, Nullable`1 deadline)
   at Grpc.Core.Channel.ConnectAsync(Nullable`1 deadline)
   at SkyApm.Transport.Grpc.ConnectionManager.ConnectAsync()
2022-03-31 11:29:33.716 +08:00 [SkyWalking_GateWay] [Information] SkyApm.Transport.Grpc.ConnectionManager : Shutdown connection[192.168.200.104:11800].
2022-03-31 11:29:43.719 +08:00 [SkyWalking_GateWay] [Error] SkyApm.Transport.Grpc.ConnectionManager : Connect server timeout.
System.Threading.Tasks.TaskCanceledException: Reached deadline.
   at Grpc.Core.Channel.WaitForStateChangedAsync(ChannelState lastObservedState, Nullable`1 deadline)
   at Grpc.Core.Channel.ConnectAsync(Nullable`1 deadline)
   at SkyApm.Transport.Grpc.ConnectionManager.ConnectAsync()
2022-03-31 11:29:48.712 +08:00 [SkyWalking_GateWay] [Information] SkyApm.Transport.Grpc.ConnectionManager : Shutdown connection[192.168.200.104:11800].
2022-03-31 11:29:58.715 +08:00 [SkyWalking_GateWay] [Error] SkyApm.Transport.Grpc.ConnectionManager : Connect server timeout.
System.Threading.Tasks.TaskCanceledException: Reached deadline.
   at Grpc.Core.Channel.WaitForStateChangedAsync(ChannelState lastObservedState, Nullable`1 deadline)
   at Grpc.Core.Channel.ConnectAsync(Nullable`1 deadline)
   at SkyApm.Transport.Grpc.ConnectionManager.ConnectAsync()
2022-03-31 11:30:03.714 +08:00 [SkyWalking_GateWay] [Information] SkyApm.Transport.Grpc.ConnectionManager : Shutdown connection[192.168.200.104:11800].
2022-03-31 11:30:13.727 +08:00 [SkyWalking_GateWay] [Error] SkyApm.Transport.Grpc.ConnectionManager : Connect server timeout.
System.Threading.Tasks.TaskCanceledException: Reached deadline.
   at Grpc.Core.Channel.WaitForStateChangedAsync(ChannelState lastObservedState, Nullable`1 deadline)
   at Grpc.Core.Channel.ConnectAsync(Nullable`1 deadline)
   at SkyApm.Transport.Grpc.ConnectionManager.ConnectAsync()
2022-03-31 11:30:18.707 +08:00 [SkyWalking_GateWay] [Information] SkyApm.Transport.Grpc.ConnectionManager : Shutdown connection[192.168.200.104:11800].
2022-03-31 11:30:28.710 +08:00 [SkyWalking_GateWay] [Error] SkyApm.Transport.Grpc.ConnectionManager : Connect server timeout.
System.Threading.Tasks.TaskCanceledException: Reached deadline.
   at Grpc.Core.Channel.WaitForStateChangedAsync(ChannelState lastObservedState, Nullable`1 deadline)
   at Grpc.Core.Channel.ConnectAsync(Nullable`1 deadline)
   at SkyApm.Transport.Grpc.ConnectionManager.ConnectAsync()
2022-03-31 11:30:33.712 +08:00 [SkyWalking_GateWay] [Information] SkyApm.Transport.Grpc.ConnectionManager : Shutdown connection[192.168.200.104:11800].
2022-03-31 11:30:43.715 +08:00 [SkyWalking_GateWay] [Error] SkyApm.Transport.Grpc.ConnectionManager : Connect server timeout.
System.Threading.Tasks.TaskCanceledException: Reached deadline.
   at Grpc.Core.Channel.WaitForStateChangedAsync(ChannelState lastObservedState, Nullable`1 deadline)
   at Grpc.Core.Channel.ConnectAsync(Nullable`1 deadline)
   at SkyApm.Transport.Grpc.ConnectionManager.ConnectAsync()
2022-03-31 11:30:48.715 +08:00 [SkyWalking_GateWay] [Information] SkyApm.Transport.Grpc.ConnectionManager : Shutdown connection[192.168.200.104:11800].
2022-03-31 11:30:58.718 +08:00 [SkyWalking_GateWay] [Error] SkyApm.Transport.Grpc.ConnectionManager : Connect server timeout.
System.Threading.Tasks.TaskCanceledException: Reached deadline.
   at Grpc.Core.Channel.WaitForStateChangedAsync(ChannelState lastObservedState, Nullable`1 deadline)
   at Grpc.Core.Channel.ConnectAsync(Nullable`1 deadline)
   at SkyApm.Transport.Grpc.ConnectionManager.ConnectAsync()
2022-03-31 11:31:03.714 +08:00 [SkyWalking_GateWay] [Information] SkyApm.Transport.Grpc.ConnectionManager : Shutdown connection[192.168.200.104:11800].
2022-03-31 11:31:13.718 +08:00 [SkyWalking_GateWay] [Error] SkyApm.Transport.Grpc.ConnectionManager : Connect server timeout.
System.Threading.Tasks.TaskCanceledException: Reached deadline.
   at Grpc.Core.Channel.WaitForStateChangedAsync(ChannelState lastObservedState, Nullable`1 deadline)
   at Grpc.Core.Channel.ConnectAsync(Nullable`1 deadline)
   at SkyApm.Transport.Grpc.ConnectionManager.ConnectAsync()
2022-03-31 11:31:18.713 +08:00 [SkyWalking_GateWay] [Information] SkyApm.Transport.Grpc.ConnectionManager : Shutdown connection[192.168.200.104:11800].
2022-03-31 11:31:28.717 +08:00 [SkyWalking_GateWay] [Error] SkyApm.Transport.Grpc.ConnectionManager : Connect server timeout.
System.Threading.Tasks.TaskCanceledException: Reached deadline.
   at Grpc.Core.Channel.WaitForStateChangedAsync(ChannelState lastObservedState, Nullable`1 deadline)
   at Grpc.Core.Channel.ConnectAsync(Nullable`1 deadline)
   at SkyApm.Transport.Grpc.ConnectionManager.ConnectAsync()
2022-03-31 11:31:33.713 +08:00 [SkyWalking_GateWay] [Information] SkyApm.Transport.Grpc.ConnectionManager : Shutdown connection[192.168.200.104:11800].
2022-03-31 11:31:43.717 +08:00 [SkyWalking_GateWay] [Error] SkyApm.Transport.Grpc.ConnectionManager : Connect server timeout.
System.Threading.Tasks.TaskCanceledException: Reached deadline.
   at Grpc.Core.Channel.WaitForStateChangedAsync(ChannelState lastObservedState, Nullable`1 deadline)
   at Grpc.Core.Channel.ConnectAsync(Nullable`1 deadline)
   at SkyApm.Transport.Grpc.ConnectionManager.ConnectAsync()
2022-03-31 11:31:48.723 +08:00 [SkyWalking_GateWay] [Information] SkyApm.Transport.Grpc.ConnectionManager : Shutdown connection[192.168.200.104:11800].
2022-03-31 11:31:58.727 +08:00 [SkyWalking_GateWay] [Error] SkyApm.Transport.Grpc.ConnectionManager : Connect server timeout.
System.Threading.Tasks.TaskCanceledException: Reached deadline.
   at Grpc.Core.Channel.WaitForStateChangedAsync(ChannelState lastObservedState, Nullable`1 deadline)
   at Grpc.Core.Channel.ConnectAsync(Nullable`1 deadline)
   at SkyApm.Transport.Grpc.ConnectionManager.ConnectAsync()
2022-03-31 11:32:03.716 +08:00 [SkyWalking_GateWay] [Information] SkyApm.Transport.Grpc.ConnectionManager : Shutdown connection[192.168.200.104:11800].
2022-03-31 11:32:13.721 +08:00 [SkyWalking_GateWay] [Error] SkyApm.Transport.Grpc.ConnectionManager : Connect server timeout.
System.Threading.Tasks.TaskCanceledException: Reached deadline.
   at Grpc.Core.Channel.WaitForStateChangedAsync(ChannelState lastObservedState, Nullable`1 deadline)
   at Grpc.Core.Channel.ConnectAsync(Nullable`1 deadline)
   at SkyApm.Transport.Grpc.ConnectionManager.ConnectAsync()
2022-03-31 11:32:18.715 +08:00 [SkyWalking_GateWay] [Information] SkyApm.Transport.Grpc.ConnectionManager : Shutdown connection[192.168.200.104:11800].
2022-03-31 11:32:28.729 +08:00 [SkyWalking_GateWay] [Error] SkyApm.Transport.Grpc.ConnectionManager : Connect server timeout.
System.Threading.Tasks.TaskCanceledException: Reached deadline.
   at Grpc.Core.Channel.WaitForStateChangedAsync(ChannelState lastObservedState, Nullable`1 deadline)
   at Grpc.Core.Channel.ConnectAsync(Nullable`1 deadline)
   at SkyApm.Transport.Grpc.ConnectionManager.ConnectAsync()
2022-03-31 11:32:33.710 +08:00 [SkyWalking_GateWay] [Information] SkyApm.Transport.Grpc.ConnectionManager : Shutdown connection[192.168.200.104:11800].
2022-03-31 11:32:43.717 +08:00 [SkyWalking_GateWay] [Error] SkyApm.Transport.Grpc.ConnectionManager : Connect server timeout.
System.Threading.Tasks.TaskCanceledException: Reached deadline.
   at Grpc.Core.Channel.WaitForStateChangedAsync(ChannelState lastObservedState, Nullable`1 deadline)
   at Grpc.Core.Channel.ConnectAsync(Nullable`1 deadline)
   at SkyApm.Transport.Grpc.ConnectionManager.ConnectAsync()
2022-03-31 11:32:48.714 +08:00 [SkyWalking_GateWay] [Information] SkyApm.Transport.Grpc.ConnectionManager : Shutdown connection[192.168.200.104:11800].
2022-03-31 11:32:58.719 +08:00 [SkyWalking_GateWay] [Error] SkyApm.Transport.Grpc.ConnectionManager : Connect server timeout.
System.Threading.Tasks.TaskCanceledException: Reached deadline.
   at Grpc.Core.Channel.WaitForStateChangedAsync(ChannelState lastObservedState, Nullable`1 deadline)
   at Grpc.Core.Channel.ConnectAsync(Nullable`1 deadline)
   at SkyApm.Transport.Grpc.ConnectionManager.ConnectAsync()
2022-03-31 11:33:03.712 +08:00 [SkyWalking_GateWay] [Information] SkyApm.Transport.Grpc.ConnectionManager : Shutdown connection[192.168.200.104:11800].
2022-03-31 11:33:13.729 +08:00 [SkyWalking_GateWay] [Error] SkyApm.Transport.Grpc.ConnectionManager : Connect server timeout.
System.Threading.Tasks.TaskCanceledException: Reached deadline.
   at Grpc.Core.Channel.WaitForStateChangedAsync(ChannelState lastObservedState, Nullable`1 deadline)
   at Grpc.Core.Channel.ConnectAsync(Nullable`1 deadline)
   at SkyApm.Transport.Grpc.ConnectionManager.ConnectAsync()
2022-03-31 11:33:18.715 +08:00 [SkyWalking_GateWay] [Information] SkyApm.Transport.Grpc.ConnectionManager : Shutdown connection[192.168.200.104:11800].
2022-03-31 11:33:28.721 +08:00 [SkyWalking_GateWay] [Error] SkyApm.Transport.Grpc.ConnectionManager : Connect server timeout.
System.Threading.Tasks.TaskCanceledException: Reached deadline.
   at Grpc.Core.Channel.WaitForStateChangedAsync(ChannelState lastObservedState, Nullable`1 deadline)
   at Grpc.Core.Channel.ConnectAsync(Nullable`1 deadline)
   at SkyApm.Transport.Grpc.ConnectionManager.ConnectAsync()
2022-03-31 11:33:33.716 +08:00 [SkyWalking_GateWay] [Information] SkyApm.Transport.Grpc.ConnectionManager : Shutdown connection[192.168.200.104:11800].
2022-03-31 11:33:43.722 +08:00 [SkyWalking_GateWay] [Error] SkyApm.Transport.Grpc.ConnectionManager : Connect server timeout.
System.Threading.Tasks.TaskCanceledException: Reached deadline.
   at Grpc.Core.Channel.WaitForStateChangedAsync(ChannelState lastObservedState, Nullable`1 deadline)
   at Grpc.Core.Channel.ConnectAsync(Nullable`1 deadline)
   at SkyApm.Transport.Grpc.ConnectionManager.ConnectAsync()
2022-03-31 11:33:48.715 +08:00 [SkyWalking_GateWay] [Information] SkyApm.Transport.Grpc.ConnectionManager : Shutdown connection[192.168.200.104:11800].
2022-03-31 11:33:58.718 +08:00 [SkyWalking_GateWay] [Error] SkyApm.Transport.Grpc.ConnectionManager : Connect server timeout.
System.Threading.Tasks.TaskCanceledException: Reached deadline.
   at Grpc.Core.Channel.WaitForStateChangedAsync(ChannelState lastObservedState, Nullable`1 deadline)
   at Grpc.Core.Channel.ConnectAsync(Nullable`1 deadline)
   at SkyApm.Transport.Grpc.ConnectionManager.ConnectAsync()
2022-03-31 11:34:03.714 +08:00 [SkyWalking_GateWay] [Information] SkyApm.Transport.Grpc.ConnectionManager : Shutdown connection[192.168.200.104:11800].
2022-03-31 11:34:13.718 +08:00 [SkyWalking_GateWay] [Error] SkyApm.Transport.Grpc.ConnectionManager : Connect server timeout.
System.Threading.Tasks.TaskCanceledException: Reached deadline.
   at Grpc.Core.Channel.WaitForStateChangedAsync(ChannelState lastObservedState, Nullable`1 deadline)
   at Grpc.Core.Channel.ConnectAsync(Nullable`1 deadline)
   at SkyApm.Transport.Grpc.ConnectionManager.ConnectAsync()
2022-03-31 11:34:18.715 +08:00 [SkyWalking_GateWay] [Information] SkyApm.Transport.Grpc.ConnectionManager : Shutdown connection[192.168.200.104:11800].
2022-03-31 11:34:28.720 +08:00 [SkyWalking_GateWay] [Error] SkyApm.Transport.Grpc.ConnectionManager : Connect server timeout.
System.Threading.Tasks.TaskCanceledException: Reached deadline.
   at Grpc.Core.Channel.WaitForStateChangedAsync(ChannelState lastObservedState, Nullable`1 deadline)
   at Grpc.Core.Channel.ConnectAsync(Nullable`1 deadline)
   at SkyApm.Transport.Grpc.ConnectionManager.ConnectAsync()
2022-03-31 11:34:33.713 +08:00 [SkyWalking_GateWay] [Information] SkyApm.Transport.Grpc.ConnectionManager : Shutdown connection[192.168.200.104:11800].
2022-03-31 11:34:43.732 +08:00 [SkyWalking_GateWay] [Error] SkyApm.Transport.Grpc.ConnectionManager : Connect server timeout.
System.Threading.Tasks.TaskCanceledException: Reached deadline.
   at Grpc.Core.Channel.WaitForStateChangedAsync(ChannelState lastObservedState, Nullable`1 deadline)
   at Grpc.Core.Channel.ConnectAsync(Nullable`1 deadline)
   at SkyApm.Transport.Grpc.ConnectionManager.ConnectAsync()
2022-03-31 11:34:48.713 +08:00 [SkyWalking_GateWay] [Information] SkyApm.Transport.Grpc.ConnectionManager : Shutdown connection[192.168.200.104:11800].
2022-03-31 11:34:58.721 +08:00 [SkyWalking_GateWay] [Error] SkyApm.Transport.Grpc.ConnectionManager : Connect server timeout.
System.Threading.Tasks.TaskCanceledException: Reached deadline.
   at Grpc.Core.Channel.WaitForStateChangedAsync(ChannelState lastObservedState, Nullable`1 deadline)
   at Grpc.Core.Channel.ConnectAsync(Nullable`1 deadline)
   at SkyApm.Transport.Grpc.ConnectionManager.ConnectAsync()
2022-03-31 11:35:03.712 +08:00 [SkyWalking_GateWay] [Information] SkyApm.Transport.Grpc.ConnectionManager : Shutdown connection[192.168.200.104:11800].
2022-03-31 11:35:13.716 +08:00 [SkyWalking_GateWay] [Error] SkyApm.Transport.Grpc.ConnectionManager : Connect server timeout.
System.Threading.Tasks.TaskCanceledException: Reached deadline.
   at Grpc.Core.Channel.WaitForStateChangedAsync(ChannelState lastObservedState, Nullable`1 deadline)
   at Grpc.Core.Channel.ConnectAsync(Nullable`1 deadline)
   at SkyApm.Transport.Grpc.ConnectionManager.ConnectAsync()
2022-03-31 11:35:18.721 +08:00 [SkyWalking_GateWay] [Information] SkyApm.Transport.Grpc.ConnectionManager : Shutdown connection[192.168.200.104:11800].
2022-03-31 11:35:28.728 +08:00 [SkyWalking_GateWay] [Error] SkyApm.Transport.Grpc.ConnectionManager : Connect server timeout.
System.Threading.Tasks.TaskCanceledException: Reached deadline.
   at Grpc.Core.Channel.WaitForStateChangedAsync(ChannelState lastObservedState, Nullable`1 deadline)
   at Grpc.Core.Channel.ConnectAsync(Nullable`1 deadline)
   at SkyApm.Transport.Grpc.ConnectionManager.ConnectAsync()
2022-03-31 11:35:33.721 +08:00 [SkyWalking_GateWay] [Information] SkyApm.Transport.Grpc.ConnectionManager : Shutdown connection[192.168.200.104:11800].
2022-03-31 11:35:43.726 +08:00 [SkyWalking_GateWay] [Error] SkyApm.Transport.Grpc.ConnectionManager : Connect server timeout.
System.Threading.Tasks.TaskCanceledException: Reached deadline.
   at Grpc.Core.Channel.WaitForStateChangedAsync(ChannelState lastObservedState, Nullable`1 deadline)
   at Grpc.Core.Channel.ConnectAsync(Nullable`1 deadline)
   at SkyApm.Transport.Grpc.ConnectionManager.ConnectAsync()
2022-03-31 11:35:48.716 +08:00 [SkyWalking_GateWay] [Information] SkyApm.Transport.Grpc.ConnectionManager : Shutdown connection[192.168.200.104:11800].
2022-03-31 11:35:58.730 +08:00 [SkyWalking_GateWay] [Error] SkyApm.Transport.Grpc.ConnectionManager : Connect server timeout.
System.Threading.Tasks.TaskCanceledException: Reached deadline.
   at Grpc.Core.Channel.WaitForStateChangedAsync(ChannelState lastObservedState, Nullable`1 deadline)
   at Grpc.Core.Channel.ConnectAsync(Nullable`1 deadline)
   at SkyApm.Transport.Grpc.ConnectionManager.ConnectAsync()
2022-03-31 11:36:03.712 +08:00 [SkyWalking_GateWay] [Information] SkyApm.Transport.Grpc.ConnectionManager : Shutdown connection[192.168.200.104:11800].
2022-03-31 11:36:13.716 +08:00 [SkyWalking_GateWay] [Error] SkyApm.Transport.Grpc.ConnectionManager : Connect server timeout.
System.Threading.Tasks.TaskCanceledException: Reached deadline.
   at Grpc.Core.Channel.WaitForStateChangedAsync(ChannelState lastObservedState, Nullable`1 deadline)
   at Grpc.Core.Channel.ConnectAsync(Nullable`1 deadline)
   at SkyApm.Transport.Grpc.ConnectionManager.ConnectAsync()
2022-03-31 11:36:18.717 +08:00 [SkyWalking_GateWay] [Information] SkyApm.Transport.Grpc.ConnectionManager : Shutdown connection[192.168.200.104:11800].
2022-03-31 11:36:28.723 +08:00 [SkyWalking_GateWay] [Error] SkyApm.Transport.Grpc.ConnectionManager : Connect server timeout.
System.Threading.Tasks.TaskCanceledException: Reached deadline.
   at Grpc.Core.Channel.WaitForStateChangedAsync(ChannelState lastObservedState, Nullable`1 deadline)
   at Grpc.Core.Channel.ConnectAsync(Nullable`1 deadline)
   at SkyApm.Transport.Grpc.ConnectionManager.ConnectAsync()
2022-03-31 11:36:33.717 +08:00 [SkyWalking_GateWay] [Information] SkyApm.Transport.Grpc.ConnectionManager : Shutdown connection[192.168.200.104:11800].
2022-03-31 11:36:43.720 +08:00 [SkyWalking_GateWay] [Error] SkyApm.Transport.Grpc.ConnectionManager : Connect server timeout.
System.Threading.Tasks.TaskCanceledException: Reached deadline.
   at Grpc.Core.Channel.WaitForStateChangedAsync(ChannelState lastObservedState, Nullable`1 deadline)
   at Grpc.Core.Channel.ConnectAsync(Nullable`1 deadline)
   at SkyApm.Transport.Grpc.ConnectionManager.ConnectAsync()
2022-03-31 11:36:48.714 +08:00 [SkyWalking_GateWay] [Information] SkyApm.Transport.Grpc.ConnectionManager : Shutdown connection[192.168.200.104:11800].
2022-03-31 11:36:58.719 +08:00 [SkyWalking_GateWay] [Error] SkyApm.Transport.Grpc.ConnectionManager : Connect server timeout.
System.Threading.Tasks.TaskCanceledException: Reached deadline.
   at Grpc.Core.Channel.WaitForStateChangedAsync(ChannelState lastObservedState, Nullable`1 deadline)
   at Grpc.Core.Channel.ConnectAsync(Nullable`1 deadline)
   at SkyApm.Transport.Grpc.ConnectionManager.ConnectAsync()
2022-03-31 11:37:03.713 +08:00 [SkyWalking_GateWay] [Information] SkyApm.Transport.Grpc.ConnectionManager : Shutdown connection[192.168.200.104:11800].
2022-03-31 11:37:13.718 +08:00 [SkyWalking_GateWay] [Error] SkyApm.Transport.Grpc.ConnectionManager : Connect server timeout.
System.Threading.Tasks.TaskCanceledException: Reached deadline.
   at Grpc.Core.Channel.WaitForStateChangedAsync(ChannelState lastObservedState, Nullable`1 deadline)
   at Grpc.Core.Channel.ConnectAsync(Nullable`1 deadline)
   at SkyApm.Transport.Grpc.ConnectionManager.ConnectAsync()
2022-03-31 11:37:18.725 +08:00 [SkyWalking_GateWay] [Information] SkyApm.Transport.Grpc.ConnectionManager : Shutdown connection[192.168.200.104:11800].
2022-03-31 11:37:28.729 +08:00 [SkyWalking_GateWay] [Error] SkyApm.Transport.Grpc.ConnectionManager : Connect server timeout.
System.Threading.Tasks.TaskCanceledException: Reached deadline.
   at Grpc.Core.Channel.WaitForStateChangedAsync(ChannelState lastObservedState, Nullable`1 deadline)
   at Grpc.Core.Channel.ConnectAsync(Nullable`1 deadline)
   at SkyApm.Transport.Grpc.ConnectionManager.ConnectAsync()
2022-03-31 11:37:33.717 +08:00 [SkyWalking_GateWay] [Information] SkyApm.Transport.Grpc.ConnectionManager : Shutdown connection[192.168.200.104:11800].
2022-03-31 11:37:43.721 +08:00 [SkyWalking_GateWay] [Error] SkyApm.Transport.Grpc.ConnectionManager : Connect server timeout.
System.Threading.Tasks.TaskCanceledException: Reached deadline.
   at Grpc.Core.Channel.WaitForStateChangedAsync(ChannelState lastObservedState, Nullable`1 deadline)
   at Grpc.Core.Channel.ConnectAsync(Nullable`1 deadline)
   at SkyApm.Transport.Grpc.ConnectionManager.ConnectAsync()
2022-03-31 11:37:48.716 +08:00 [SkyWalking_GateWay] [Information] SkyApm.Transport.Grpc.ConnectionManager : Shutdown connection[192.168.200.104:11800].
2022-03-31 11:37:58.722 +08:00 [SkyWalking_GateWay] [Error] SkyApm.Transport.Grpc.ConnectionManager : Connect server timeout.
System.Threading.Tasks.TaskCanceledException: Reached deadline.
   at Grpc.Core.Channel.WaitForStateChangedAsync(ChannelState lastObservedState, Nullable`1 deadline)
   at Grpc.Core.Channel.ConnectAsync(Nullable`1 deadline)
   at SkyApm.Transport.Grpc.ConnectionManager.ConnectAsync()
2022-03-31 11:38:03.716 +08:00 [SkyWalking_GateWay] [Information] SkyApm.Transport.Grpc.ConnectionManager : Shutdown connection[192.168.200.104:11800].
2022-03-31 11:38:13.721 +08:00 [SkyWalking_GateWay] [Error] SkyApm.Transport.Grpc.ConnectionManager : Connect server timeout.
System.Threading.Tasks.TaskCanceledException: Reached deadline.
   at Grpc.Core.Channel.WaitForStateChangedAsync(ChannelState lastObservedState, Nullable`1 deadline)
   at Grpc.Core.Channel.ConnectAsync(Nullable`1 deadline)
   at SkyApm.Transport.Grpc.ConnectionManager.ConnectAsync()
2022-03-31 11:38:18.712 +08:00 [SkyWalking_GateWay] [Information] SkyApm.Transport.Grpc.ConnectionManager : Shutdown connection[192.168.200.104:11800].
2022-03-31 11:38:28.715 +08:00 [SkyWalking_GateWay] [Error] SkyApm.Transport.Grpc.ConnectionManager : Connect server timeout.
System.Threading.Tasks.TaskCanceledException: Reached deadline.
   at Grpc.Core.Channel.WaitForStateChangedAsync(ChannelState lastObservedState, Nullable`1 deadline)
   at Grpc.Core.Channel.ConnectAsync(Nullable`1 deadline)
   at SkyApm.Transport.Grpc.ConnectionManager.ConnectAsync()
2022-03-31 11:38:33.713 +08:00 [SkyWalking_GateWay] [Information] SkyApm.Transport.Grpc.ConnectionManager : Shutdown connection[192.168.200.104:11800].
2022-03-31 11:38:43.718 +08:00 [SkyWalking_GateWay] [Error] SkyApm.Transport.Grpc.ConnectionManager : Connect server timeout.
System.Threading.Tasks.TaskCanceledException: Reached deadline.
   at Grpc.Core.Channel.WaitForStateChangedAsync(ChannelState lastObservedState, Nullable`1 deadline)
   at Grpc.Core.Channel.ConnectAsync(Nullable`1 deadline)
   at SkyApm.Transport.Grpc.ConnectionManager.ConnectAsync()
2022-03-31 11:38:48.704 +08:00 [SkyWalking_GateWay] [Information] SkyApm.Transport.Grpc.ConnectionManager : Shutdown connection[192.168.200.104:11800].
2022-03-31 11:38:58.708 +08:00 [SkyWalking_GateWay] [Error] SkyApm.Transport.Grpc.ConnectionManager : Connect server timeout.
System.Threading.Tasks.TaskCanceledException: Reached deadline.
   at Grpc.Core.Channel.WaitForStateChangedAsync(ChannelState lastObservedState, Nullable`1 deadline)
   at Grpc.Core.Channel.ConnectAsync(Nullable`1 deadline)
   at SkyApm.Transport.Grpc.ConnectionManager.ConnectAsync()
2022-03-31 11:39:03.718 +08:00 [SkyWalking_GateWay] [Information] SkyApm.Transport.Grpc.ConnectionManager : Shutdown connection[192.168.200.104:11800].
2022-03-31 11:39:13.721 +08:00 [SkyWalking_GateWay] [Error] SkyApm.Transport.Grpc.ConnectionManager : Connect server timeout.
System.Threading.Tasks.TaskCanceledException: Reached deadline.
   at Grpc.Core.Channel.WaitForStateChangedAsync(ChannelState lastObservedState, Nullable`1 deadline)
   at Grpc.Core.Channel.ConnectAsync(Nullable`1 deadline)
   at SkyApm.Transport.Grpc.ConnectionManager.ConnectAsync()
2022-03-31 11:39:18.716 +08:00 [SkyWalking_GateWay] [Information] SkyApm.Transport.Grpc.ConnectionManager : Shutdown connection[192.168.200.104:11800].
2022-03-31 11:39:28.719 +08:00 [SkyWalking_GateWay] [Error] SkyApm.Transport.Grpc.ConnectionManager : Connect server timeout.
System.Threading.Tasks.TaskCanceledException: Reached deadline.
   at Grpc.Core.Channel.WaitForStateChangedAsync(ChannelState lastObservedState, Nullable`1 deadline)
   at Grpc.Core.Channel.ConnectAsync(Nullable`1 deadline)
   at SkyApm.Transport.Grpc.ConnectionManager.ConnectAsync()
2022-03-31 11:39:33.715 +08:00 [SkyWalking_GateWay] [Information] SkyApm.Transport.Grpc.ConnectionManager : Shutdown connection[192.168.200.104:11800].
2022-03-31 11:39:43.720 +08:00 [SkyWalking_GateWay] [Error] SkyApm.Transport.Grpc.ConnectionManager : Connect server timeout.
System.Threading.Tasks.TaskCanceledException: Reached deadline.
   at Grpc.Core.Channel.WaitForStateChangedAsync(ChannelState lastObservedState, Nullable`1 deadline)
   at Grpc.Core.Channel.ConnectAsync(Nullable`1 deadline)
   at SkyApm.Transport.Grpc.ConnectionManager.ConnectAsync()
2022-03-31 11:39:48.715 +08:00 [SkyWalking_GateWay] [Information] SkyApm.Transport.Grpc.ConnectionManager : Shutdown connection[192.168.200.104:11800].
2022-03-31 11:39:58.722 +08:00 [SkyWalking_GateWay] [Error] SkyApm.Transport.Grpc.ConnectionManager : Connect server timeout.
System.Threading.Tasks.TaskCanceledException: Reached deadline.
   at Grpc.Core.Channel.WaitForStateChangedAsync(ChannelState lastObservedState, Nullable`1 deadline)
   at Grpc.Core.Channel.ConnectAsync(Nullable`1 deadline)
   at SkyApm.Transport.Grpc.ConnectionManager.ConnectAsync()
2022-03-31 11:40:03.714 +08:00 [SkyWalking_GateWay] [Information] SkyApm.Transport.Grpc.ConnectionManager : Shutdown connection[192.168.200.104:11800].
2022-03-31 11:40:13.717 +08:00 [SkyWalking_GateWay] [Error] SkyApm.Transport.Grpc.ConnectionManager : Connect server timeout.
System.Threading.Tasks.TaskCanceledException: Reached deadline.
   at Grpc.Core.Channel.WaitForStateChangedAsync(ChannelState lastObservedState, Nullable`1 deadline)
   at Grpc.Core.Channel.ConnectAsync(Nullable`1 deadline)
   at SkyApm.Transport.Grpc.ConnectionManager.ConnectAsync()
2022-03-31 11:40:18.717 +08:00 [SkyWalking_GateWay] [Information] SkyApm.Transport.Grpc.ConnectionManager : Shutdown connection[192.168.200.104:11800].
2022-03-31 11:40:28.724 +08:00 [SkyWalking_GateWay] [Error] SkyApm.Transport.Grpc.ConnectionManager : Connect server timeout.
System.Threading.Tasks.TaskCanceledException: Reached deadline.
   at Grpc.Core.Channel.WaitForStateChangedAsync(ChannelState lastObservedState, Nullable`1 deadline)
   at Grpc.Core.Channel.ConnectAsync(Nullable`1 deadline)
   at SkyApm.Transport.Grpc.ConnectionManager.ConnectAsync()
2022-03-31 11:40:33.715 +08:00 [SkyWalking_GateWay] [Information] SkyApm.Transport.Grpc.ConnectionManager : Shutdown connection[192.168.200.104:11800].
2022-03-31 11:40:43.719 +08:00 [SkyWalking_GateWay] [Error] SkyApm.Transport.Grpc.ConnectionManager : Connect server timeout.
System.Threading.Tasks.TaskCanceledException: Reached deadline.
   at Grpc.Core.Channel.WaitForStateChangedAsync(ChannelState lastObservedState, Nullable`1 deadline)
   at Grpc.Core.Channel.ConnectAsync(Nullable`1 deadline)
   at SkyApm.Transport.Grpc.ConnectionManager.ConnectAsync()
2022-03-31 11:40:48.714 +08:00 [SkyWalking_GateWay] [Information] SkyApm.Transport.Grpc.ConnectionManager : Shutdown connection[192.168.200.104:11800].
2022-03-31 11:40:58.718 +08:00 [SkyWalking_GateWay] [Error] SkyApm.Transport.Grpc.ConnectionManager : Connect server timeout.
System.Threading.Tasks.TaskCanceledException: Reached deadline.
   at Grpc.Core.Channel.WaitForStateChangedAsync(ChannelState lastObservedState, Nullable`1 deadline)
   at Grpc.Core.Channel.ConnectAsync(Nullable`1 deadline)
   at SkyApm.Transport.Grpc.ConnectionManager.ConnectAsync()
2022-03-31 11:41:03.721 +08:00 [SkyWalking_GateWay] [Information] SkyApm.Transport.Grpc.ConnectionManager : Shutdown connection[192.168.200.104:11800].
2022-03-31 11:41:13.724 +08:00 [SkyWalking_GateWay] [Error] SkyApm.Transport.Grpc.ConnectionManager : Connect server timeout.
System.Threading.Tasks.TaskCanceledException: Reached deadline.
   at Grpc.Core.Channel.WaitForStateChangedAsync(ChannelState lastObservedState, Nullable`1 deadline)
   at Grpc.Core.Channel.ConnectAsync(Nullable`1 deadline)
   at SkyApm.Transport.Grpc.ConnectionManager.ConnectAsync()
2022-03-31 11:41:18.711 +08:00 [SkyWalking_GateWay] [Information] SkyApm.Transport.Grpc.ConnectionManager : Shutdown connection[192.168.200.104:11800].
2022-03-31 11:41:28.718 +08:00 [SkyWalking_GateWay] [Error] SkyApm.Transport.Grpc.ConnectionManager : Connect server timeout.
System.Threading.Tasks.TaskCanceledException: Reached deadline.
   at Grpc.Core.Channel.WaitForStateChangedAsync(ChannelState lastObservedState, Nullable`1 deadline)
   at Grpc.Core.Channel.ConnectAsync(Nullable`1 deadline)
   at SkyApm.Transport.Grpc.ConnectionManager.ConnectAsync()
2022-03-31 11:41:33.722 +08:00 [SkyWalking_GateWay] [Information] SkyApm.Transport.Grpc.ConnectionManager : Shutdown connection[192.168.200.104:11800].
2022-03-31 11:41:43.727 +08:00 [SkyWalking_GateWay] [Error] SkyApm.Transport.Grpc.ConnectionManager : Connect server timeout.
System.Threading.Tasks.TaskCanceledException: Reached deadline.
   at Grpc.Core.Channel.WaitForStateChangedAsync(ChannelState lastObservedState, Nullable`1 deadline)
   at Grpc.Core.Channel.ConnectAsync(Nullable`1 deadline)
   at SkyApm.Transport.Grpc.ConnectionManager.ConnectAsync()
2022-03-31 11:41:48.714 +08:00 [SkyWalking_GateWay] [Information] SkyApm.Transport.Grpc.ConnectionManager : Shutdown connection[192.168.200.104:11800].
2022-03-31 11:41:58.720 +08:00 [SkyWalking_GateWay] [Error] SkyApm.Transport.Grpc.ConnectionManager : Connect server timeout.
System.Threading.Tasks.TaskCanceledException: Reached deadline.
   at Grpc.Core.Channel.WaitForStateChangedAsync(ChannelState lastObservedState, Nullable`1 deadline)
   at Grpc.Core.Channel.ConnectAsync(Nullable`1 deadline)
   at SkyApm.Transport.Grpc.ConnectionManager.ConnectAsync()
2022-03-31 11:42:03.713 +08:00 [SkyWalking_GateWay] [Information] SkyApm.Transport.Grpc.ConnectionManager : Shutdown connection[192.168.200.104:11800].
2022-03-31 11:42:13.717 +08:00 [SkyWalking_GateWay] [Error] SkyApm.Transport.Grpc.ConnectionManager : Connect server timeout.
System.Threading.Tasks.TaskCanceledException: Reached deadline.
   at Grpc.Core.Channel.WaitForStateChangedAsync(ChannelState lastObservedState, Nullable`1 deadline)
   at Grpc.Core.Channel.ConnectAsync(Nullable`1 deadline)
   at SkyApm.Transport.Grpc.ConnectionManager.ConnectAsync()
2022-03-31 11:42:18.713 +08:00 [SkyWalking_GateWay] [Information] SkyApm.Transport.Grpc.ConnectionManager : Shutdown connection[192.168.200.104:11800].
2022-03-31 11:42:28.717 +08:00 [SkyWalking_GateWay] [Error] SkyApm.Transport.Grpc.ConnectionManager : Connect server timeout.
System.Threading.Tasks.TaskCanceledException: Reached deadline.
   at Grpc.Core.Channel.WaitForStateChangedAsync(ChannelState lastObservedState, Nullable`1 deadline)
   at Grpc.Core.Channel.ConnectAsync(Nullable`1 deadline)
   at SkyApm.Transport.Grpc.ConnectionManager.ConnectAsync()
2022-03-31 11:42:33.714 +08:00 [SkyWalking_GateWay] [Information] SkyApm.Transport.Grpc.ConnectionManager : Shutdown connection[192.168.200.104:11800].
2022-03-31 11:42:43.719 +08:00 [SkyWalking_GateWay] [Error] SkyApm.Transport.Grpc.ConnectionManager : Connect server timeout.
System.Threading.Tasks.TaskCanceledException: Reached deadline.
   at Grpc.Core.Channel.WaitForStateChangedAsync(ChannelState lastObservedState, Nullable`1 deadline)
   at Grpc.Core.Channel.ConnectAsync(Nullable`1 deadline)
   at SkyApm.Transport.Grpc.ConnectionManager.ConnectAsync()
2022-03-31 11:42:48.715 +08:00 [SkyWalking_GateWay] [Information] SkyApm.Transport.Grpc.ConnectionManager : Shutdown connection[192.168.200.104:11800].
2022-03-31 11:42:58.719 +08:00 [SkyWalking_GateWay] [Error] SkyApm.Transport.Grpc.ConnectionManager : Connect server timeout.
System.Threading.Tasks.TaskCanceledException: Reached deadline.
   at Grpc.Core.Channel.WaitForStateChangedAsync(ChannelState lastObservedState, Nullable`1 deadline)
   at Grpc.Core.Channel.ConnectAsync(Nullable`1 deadline)
   at SkyApm.Transport.Grpc.ConnectionManager.ConnectAsync()
2022-03-31 11:43:03.722 +08:00 [SkyWalking_GateWay] [Information] SkyApm.Transport.Grpc.ConnectionManager : Shutdown connection[192.168.200.104:11800].
2022-03-31 11:43:13.359 +08:00 [SkyWalking_GateWay] [Information] SkyApm.Service.RegisterService : Stopped instrument service RegisterService.
2022-03-31 11:43:13.359 +08:00 [SkyWalking_GateWay] [Information] SkyApm.Service.PingService : Stopped instrument service PingService.
2022-03-31 11:43:13.359 +08:00 [SkyWalking_GateWay] [Information] SkyApm.Service.SegmentReportService : Stopped instrument service SegmentReportService.
2022-03-31 11:43:13.359 +08:00 [SkyWalking_GateWay] [Information] SkyApm.Service.CLRStatsService : Stopped instrument service CLRStatsService.
2022-03-31 11:43:13.359 +08:00 [SkyWalking_GateWay] [Information] SkyApm.Sampling.SimpleCountSamplingInterceptor : Stopped instrument service SimpleCountSamplingInterceptor.
2022-03-31 11:43:13.359 +08:00 [SkyWalking_GateWay] [Information] SkyApm.Transport.Grpc.ConnectService : Stopped instrument service ConnectService.
2022-03-31 11:43:13.359 +08:00 [SkyWalking_GateWay] [Information] SkyApm.InstrumentStartup : Stopped SkyAPM .NET Core Agent.
2022-03-31 11:43:13.726 +08:00 [SkyWalking_GateWay] [Error] SkyApm.Transport.Grpc.ConnectionManager : Connect server timeout.
System.Threading.Tasks.TaskCanceledException: Reached deadline.
   at Grpc.Core.Channel.WaitForStateChangedAsync(ChannelState lastObservedState, Nullable`1 deadline)
   at Grpc.Core.Channel.ConnectAsync(Nullable`1 deadline)
   at SkyApm.Transport.Grpc.ConnectionManager.ConnectAsync()
2022-03-31 14:16:33.403 +08:00 [SkyWalking_GateWay] [Information] SkyApm.InstrumentStartup : Initializing ...
2022-03-31 14:16:33.428 +08:00 [SkyWalking_GateWay] [Information] SkyApm.Service.RegisterService : Loaded instrument service [SkyApm.Service.RegisterService].
2022-03-31 14:16:33.429 +08:00 [SkyWalking_GateWay] [Information] SkyApm.Service.PingService : Loaded instrument service [SkyApm.Service.PingService].
2022-03-31 14:16:33.429 +08:00 [SkyWalking_GateWay] [Information] SkyApm.Service.SegmentReportService : Loaded instrument service [SkyApm.Service.SegmentReportService].
2022-03-31 14:16:33.429 +08:00 [SkyWalking_GateWay] [Information] SkyApm.Service.CLRStatsService : Loaded instrument service [SkyApm.Service.CLRStatsService].
2022-03-31 14:16:33.429 +08:00 [SkyWalking_GateWay] [Information] SkyApm.Sampling.SimpleCountSamplingInterceptor : Loaded instrument service [SkyApm.Sampling.SimpleCountSamplingInterceptor].
2022-03-31 14:16:33.429 +08:00 [SkyWalking_GateWay] [Information] SkyApm.Transport.Grpc.ConnectService : Loaded instrument service [SkyApm.Transport.Grpc.ConnectService].
2022-03-31 14:16:33.457 +08:00 [SkyWalking_GateWay] [Information] SkyApm.Diagnostics.TracingDiagnosticProcessorObserver : Loaded diagnostic listener [Microsoft.AspNetCore].
2022-03-31 14:16:33.457 +08:00 [SkyWalking_GateWay] [Information] SkyApm.InstrumentStartup : Started SkyAPM .NET Core Agent.
2022-03-31 14:16:33.481 +08:00 [SkyWalking_GateWay] [Information] SkyApm.Transport.Grpc.ConnectionManager : Connected server[192.168.200.104:11800].
2022-03-31 14:16:33.994 +08:00 [SkyWalking_GateWay] [Information] SkyApm.Service.RegisterService : Reported Service Instance Properties[Service=SkyWalking_GateWay,InstanceId=192.168.200.100@2d7c2b144a17418fb7de4ab7db2a437e].
2022-03-31 14:17:03.452 +08:00 [SkyWalking_GateWay] [Information] SkyApm.Service.PingService : Ping server @2022/3/31 6:17:03 +00:00
2022-03-31 14:17:03.455 +08:00 [SkyWalking_GateWay] [Information] SkyApm.Service.CLRStatsService : Report CLR Stats. CPU UsagePercent 0 GenCollectCount 0 0 0 8M ThreadPool 32765 32767 1000 1000
2022-03-31 14:17:33.444 +08:00 [SkyWalking_GateWay] [Information] SkyApm.Service.CLRStatsService : Report CLR Stats. CPU UsagePercent 0 GenCollectCount 0 0 0 9M ThreadPool 32761 32767 1000 1000
2022-03-31 14:18:03.446 +08:00 [SkyWalking_GateWay] [Information] SkyApm.Service.PingService : Ping server @2022/3/31 6:18:03 +00:00
2022-03-31 14:18:03.450 +08:00 [SkyWalking_GateWay] [Information] SkyApm.Service.CLRStatsService : Report CLR Stats. CPU UsagePercent 0 GenCollectCount 0 0 0 9M ThreadPool 32758 32767 1000 1000
2022-03-31 14:18:33.444 +08:00 [SkyWalking_GateWay] [Information] SkyApm.Service.CLRStatsService : Report CLR Stats. CPU UsagePercent 0 GenCollectCount 0 0 0 9M ThreadPool 32761 32767 1000 1000
2022-03-31 14:19:03.445 +08:00 [SkyWalking_GateWay] [Information] SkyApm.Service.CLRStatsService : Report CLR Stats. CPU UsagePercent 0 GenCollectCount 0 0 0 9M ThreadPool 32761 32767 1000 1000
2022-03-31 14:19:03.448 +08:00 [SkyWalking_GateWay] [Information] SkyApm.Service.PingService : Ping server @2022/3/31 6:19:03 +00:00
2022-03-31 14:19:33.449 +08:00 [SkyWalking_GateWay] [Information] SkyApm.Service.CLRStatsService : Report CLR Stats. CPU UsagePercent 0 GenCollectCount 0 0 0 10M ThreadPool 32758 32767 1000 1000
2022-03-31 14:20:03.450 +08:00 [SkyWalking_GateWay] [Information] SkyApm.Service.PingService : Ping server @2022/3/31 6:20:03 +00:00
2022-03-31 14:20:03.450 +08:00 [SkyWalking_GateWay] [Information] SkyApm.Service.CLRStatsService : Report CLR Stats. CPU UsagePercent 0 GenCollectCount 0 0 0 10M ThreadPool 32759 32767 1000 1000
2022-03-31 14:20:33.438 +08:00 [SkyWalking_GateWay] [Information] SkyApm.Service.CLRStatsService : Report CLR Stats. CPU UsagePercent 0 GenCollectCount 0 0 0 10M ThreadPool 32761 32767 1000 1000
2022-03-31 14:21:03.445 +08:00 [SkyWalking_GateWay] [Information] SkyApm.Service.PingService : Ping server @2022/3/31 6:21:03 +00:00
2022-03-31 14:21:03.445 +08:00 [SkyWalking_GateWay] [Information] SkyApm.Service.CLRStatsService : Report CLR Stats. CPU UsagePercent 0 GenCollectCount 0 0 0 11M ThreadPool 32757 32767 1000 1000
2022-03-31 14:21:10.678 +08:00 [SkyWalking_GateWay] [Information] SkyApm.Service.RegisterService : Stopped instrument service RegisterService.
2022-03-31 14:21:10.678 +08:00 [SkyWalking_GateWay] [Information] SkyApm.Service.PingService : Stopped instrument service PingService.
2022-03-31 14:21:10.678 +08:00 [SkyWalking_GateWay] [Information] SkyApm.Service.SegmentReportService : Stopped instrument service SegmentReportService.
2022-03-31 14:21:10.678 +08:00 [SkyWalking_GateWay] [Information] SkyApm.Service.CLRStatsService : Stopped instrument service CLRStatsService.
2022-03-31 14:21:10.678 +08:00 [SkyWalking_GateWay] [Information] SkyApm.Sampling.SimpleCountSamplingInterceptor : Stopped instrument service SimpleCountSamplingInterceptor.
2022-03-31 14:21:10.678 +08:00 [SkyWalking_GateWay] [Information] SkyApm.Transport.Grpc.ConnectService : Stopped instrument service ConnectService.
2022-03-31 14:21:10.678 +08:00 [SkyWalking_GateWay] [Information] SkyApm.InstrumentStartup : Stopped SkyAPM .NET Core Agent.
